# JRE version: Java(TM) SE Runtime Environment (17.0.2+8) (build 17.0.2+8-LTS-86)
# Java VM: Java HotSpot(TM) 64-Bit Server VM (17.0.2+8-LTS-86, mixed mode, sharing, tiered, compressed oops, compressed class ptrs, g1 gc, windows-amd64)
GC Precious Log:
 CPUs: 16 total, 16 available
 Memory: 16163M
 Large Page Support: Disabled
 NUMA Support: Disabled
 Compressed Oops: Enabled (Zero based)
 Heap Region Size: 2M
 Heap Min Capacity: 8M
 Heap Initial Capacity: 254M
 Heap Max Capacity: 4042M
 Pre-touch: Disabled
 Parallel Workers: 13
 Concurrent Workers: 3
 Concurrent Refinement Workers: 13
 Periodic GC: Disabled
Heap:
 garbage-first heap   total 245760K, used 63962K [0x0000000703600000, 0x0000000800000000)
  region size 2048K, 5 young (10240K), 2 survivors (4096K)
 Metaspace       used 105411K, committed 106048K, reserved 1146880K
  class space    used 13783K, committed 14080K, reserved 1048576K
GC Heap History (20 events):
Event: 9.732 GC heap before
{Heap before GC invocations=38 (full 0):
 garbage-first heap   total 174080K, used 128053K [0x0000000703600000, 0x0000000800000000)
  region size 2048K, 27 young (55296K), 1 survivors (2048K)
 Metaspace       used 94744K, committed 95360K, reserved 1138688K
  class space    used 12675K, committed 12992K, reserved 1048576K
}
Event: 9.737 GC heap after
{Heap after GC invocations=39 (full 0):
 garbage-first heap   total 174080K, used 76557K [0x0000000703600000, 0x0000000800000000)
  region size 2048K, 2 young (4096K), 2 survivors (4096K)
 Metaspace       used 94744K, committed 95360K, reserved 1138688K
  class space    used 12675K, committed 12992K, reserved 1048576K
}
Event: 42.165 GC heap before
{Heap before GC invocations=39 (full 0):
 garbage-first heap   total 174080K, used 129805K [0x0000000703600000, 0x0000000800000000)
  region size 2048K, 29 young (59392K), 2 survivors (4096K)
 Metaspace       used 98963K, committed 99520K, reserved 1138688K
  class space    used 13105K, committed 13376K, reserved 1048576K
}
Event: 42.169 GC heap after
{Heap after GC invocations=40 (full 0):
 garbage-first heap   total 174080K, used 79345K [0x0000000703600000, 0x0000000800000000)
  region size 2048K, 3 young (6144K), 3 survivors (6144K)
 Metaspace       used 98963K, committed 99520K, reserved 1138688K
  class space    used 13105K, committed 13376K, reserved 1048576K
}
Event: 176.005 GC heap before
{Heap before GC invocations=40 (full 0):
 garbage-first heap   total 174080K, used 132593K [0x0000000703600000, 0x0000000800000000)
  region size 2048K, 30 young (61440K), 3 survivors (6144K)
 Metaspace       used 102760K, committed 103424K, reserved 1138688K
  class space    used 13594K, committed 13888K, reserved 1048576K
}
Event: 176.008 GC heap after
{Heap after GC invocations=41 (full 0):
 garbage-first heap   total 174080K, used 80300K [0x0000000703600000, 0x0000000800000000)
  region size 2048K, 2 young (4096K), 2 survivors (4096K)
 Metaspace       used 102760K, committed 103424K, reserved 1138688K
  class space    used 13594K, committed 13888K, reserved 1048576K
}
Event: 196.256 GC heap before
{Heap before GC invocations=41 (full 0):
 garbage-first heap   total 174080K, used 90540K [0x0000000703600000, 0x0000000800000000)
  region size 2048K, 8 young (16384K), 2 survivors (4096K)
 Metaspace       used 103348K, committed 103936K, reserved 1146880K
  class space    used 13668K, committed 13952K, reserved 1048576K
}
Event: 196.295 GC heap after
{Heap after GC invocations=42 (full 1):
 garbage-first heap   total 174080K, used 43719K [0x0000000703600000, 0x0000000800000000)
  region size 2048K, 0 young (0K), 0 survivors (0K)
 Metaspace       used 103348K, committed 103936K, reserved 1146880K
  class space    used 13668K, committed 13952K, reserved 1048576K
}
Event: 196.975 GC heap before
{Heap before GC invocations=42 (full 1):
 garbage-first heap   total 174080K, used 119495K [0x0000000703600000, 0x0000000800000000)
  region size 2048K, 38 young (77824K), 0 survivors (0K)
 Metaspace       used 103899K, committed 104512K, reserved 1146880K
  class space    used 13708K, committed 14016K, reserved 1048576K
}
Event: 196.977 GC heap after
{Heap after GC invocations=43 (full 1):
 garbage-first heap   total 174080K, used 49322K [0x0000000703600000, 0x0000000800000000)
  region size 2048K, 3 young (6144K), 3 survivors (6144K)
 Metaspace       used 103899K, committed 104512K, reserved 1146880K
  class space    used 13708K, committed 14016K, reserved 1048576K
}
Event: 197.405 GC heap before
{Heap before GC invocations=43 (full 1):
 garbage-first heap   total 174080K, used 123050K [0x0000000703600000, 0x0000000800000000)
  region size 2048K, 39 young (79872K), 3 survivors (6144K)
 Metaspace       used 104827K, committed 105472K, reserved 1146880K
  class space    used 13739K, committed 14080K, reserved 1048576K
}
Event: 197.409 GC heap after
{Heap after GC invocations=44 (full 1):
 garbage-first heap   total 174080K, used 55215K [0x0000000703600000, 0x0000000800000000)
  region size 2048K, 4 young (8192K), 4 survivors (8192K)
 Metaspace       used 104827K, committed 105472K, reserved 1146880K
  class space    used 13739K, committed 14080K, reserved 1048576K
}
Event: 197.662 GC heap before
{Heap before GC invocations=44 (full 1):
 garbage-first heap   total 174080K, used 120751K [0x0000000703600000, 0x0000000800000000)
  region size 2048K, 37 young (75776K), 4 survivors (8192K)
 Metaspace       used 105296K, committed 105984K, reserved 1146880K
  class space    used 13775K, committed 14080K, reserved 1048576K
}
Event: 197.666 GC heap after
{Heap after GC invocations=45 (full 1):
 garbage-first heap   total 174080K, used 60798K [0x0000000703600000, 0x0000000800000000)
  region size 2048K, 3 young (6144K), 3 survivors (6144K)
 Metaspace       used 105296K, committed 105984K, reserved 1146880K
  class space    used 13775K, committed 14080K, reserved 1048576K
}
Event: 197.799 GC heap before
{Heap before GC invocations=45 (full 1):
 garbage-first heap   total 174080K, used 122238K [0x0000000703600000, 0x0000000800000000)
  region size 2048K, 34 young (69632K), 3 survivors (6144K)
 Metaspace       used 105330K, committed 105984K, reserved 1146880K
  class space    used 13779K, committed 14080K, reserved 1048576K
}
Event: 197.802 GC heap after
{Heap after GC invocations=46 (full 1):
 garbage-first heap   total 174080K, used 62375K [0x0000000703600000, 0x0000000800000000)
  region size 2048K, 3 young (6144K), 3 survivors (6144K)
 Metaspace       used 105330K, committed 105984K, reserved 1146880K
  class space    used 13779K, committed 14080K, reserved 1048576K
}
Event: 197.920 GC heap before
{Heap before GC invocations=46 (full 1):
 garbage-first heap   total 174080K, used 121767K [0x0000000703600000, 0x0000000800000000)
  region size 2048K, 33 young (67584K), 3 survivors (6144K)
 Metaspace       used 105334K, committed 105984K, reserved 1146880K
  class space    used 13779K, committed 14080K, reserved 1048576K
}
Event: 197.923 GC heap after
{Heap after GC invocations=47 (full 1):
 garbage-first heap   total 245760K, used 63154K [0x0000000703600000, 0x0000000800000000)
  region size 2048K, 3 young (6144K), 3 survivors (6144K)
 Metaspace       used 105334K, committed 105984K, reserved 1146880K
  class space    used 13779K, committed 14080K, reserved 1048576K
}
Event: 212.217 GC heap before
{Heap before GC invocations=47 (full 1):
 garbage-first heap   total 245760K, used 181938K [0x0000000703600000, 0x0000000800000000)
  region size 2048K, 62 young (126976K), 3 survivors (6144K)
 Metaspace       used 105392K, committed 106048K, reserved 1146880K
  class space    used 13783K, committed 14080K, reserved 1048576K
}
Event: 212.222 GC heap after
{Heap after GC invocations=48 (full 1):
 garbage-first heap   total 245760K, used 59866K [0x0000000703600000, 0x0000000800000000)
  region size 2048K, 2 young (4096K), 2 survivors (4096K)
 Metaspace       used 105392K, committed 106048K, reserved 1146880K
  class space    used 13783K, committed 14080K, reserved 1048576K
}

